0 info it worked if it ends with ok
1 verbose cli [ 'C:\\Program Files\\nodejs\\node.exe',
1 verbose cli   'C:\\Program Files\\nodejs\\node_modules\\npm\\bin\\npm-cli.js',
1 verbose cli   'start' ]
2 info using npm@2.15.0
3 info using node@v0.10.44
4 verbose run-script [ 'prestart', 'start', 'poststart' ]
5 info prestart skys@1.0.0
6 info start skys@1.0.0
7 verbose unsafe-perm in lifecycle true
8 info skys@1.0.0 Failed to exec start script
9 verbose stack Error: skys@1.0.0 start: `npm-run-all --parallel devserver watch:sass`
9 verbose stack Exit status 8
9 verbose stack     at EventEmitter.<anonymous> (C:\Users\NihadK\AppData\Roaming\nvm\v0.10.44\node_modules\npm\lib\utils\lifecycle.js:217:16)
9 verbose stack     at EventEmitter.emit (events.js:98:17)
9 verbose stack     at ChildProcess.<anonymous> (C:\Users\NihadK\AppData\Roaming\nvm\v0.10.44\node_modules\npm\lib\utils\spawn.js:24:14)
9 verbose stack     at ChildProcess.emit (events.js:98:17)
9 verbose stack     at maybeClose (child_process.js:766:16)
9 verbose stack     at Process.ChildProcess._handle.onexit (child_process.js:833:5)
10 verbose pkgid skys@1.0.0
11 verbose cwd C:\Projects\demo\skys
12 error Windows_NT 10.0.17134
13 error argv "C:\\Program Files\\nodejs\\node.exe" "C:\\Program Files\\nodejs\\node_modules\\npm\\bin\\npm-cli.js" "start"
14 error node v0.10.44
15 error npm  v2.15.0
16 error code ELIFECYCLE
17 error skys@1.0.0 start: `npm-run-all --parallel devserver watch:sass`
17 error Exit status 8
18 error Failed at the skys@1.0.0 start script 'npm-run-all --parallel devserver watch:sass'.
18 error This is most likely a problem with the skys package,
18 error not with npm itself.
18 error Tell the author that this fails on your system:
18 error     npm-run-all --parallel devserver watch:sass
18 error You can get information on how to open an issue for this project with:
18 error     npm bugs skys
18 error Or if that isn't available, you can get their info via:
18 error
18 error     npm owner ls skys
18 error There is likely additional logging output above.
19 verbose exit [ 1, true ]
